\\psf\home\documents\visual studio 2013\projects\class_window_programming\視窗程式設計第2次作業_4102056034_陳勇瑜\視窗程式設計第2次作業_4102056034_陳勇瑜\debug\vc120.pdb
\\psf\home\documents\visual studio 2013\projects\class_window_programming\視窗程式設計第2次作業_4102056034_陳勇瑜\視窗程式設計第2次作業_4102056034_陳勇瑜\debug\stdafx.obj
\\psf\home\documents\visual studio 2013\projects\class_window_programming\視窗程式設計第2次作業_4102056034_陳勇瑜\視窗程式設計第2次作業_4102056034_陳勇瑜\debug\視窗程式設計第2次作業_4102056034_陳勇瑜.obj
\\psf\home\documents\visual studio 2013\projects\class_window_programming\視窗程式設計第2次作業_4102056034_陳勇瑜\視窗程式設計第2次作業_4102056034_陳勇瑜\debug\assemblyinfo.obj
\\psf\home\documents\visual studio 2013\projects\class_window_programming\視窗程式設計第2次作業_4102056034_陳勇瑜\debug\視窗程式設計第2次作業_4102056034_陳勇瑜.exe
\\psf\home\documents\visual studio 2013\projects\class_window_programming\視窗程式設計第2次作業_4102056034_陳勇瑜\debug\視窗程式設計第2次作業_4102056034_陳勇瑜.pdb
\\psf\home\documents\visual studio 2013\projects\class_window_programming\視窗程式設計第2次作業_4102056034_陳勇瑜\視窗程式設計第2次作業_4102056034_陳勇瑜\debug\.netframework,version=v4.5.assemblyattributes.obj
\\psf\home\documents\visual studio 2013\projects\class_window_programming\視窗程式設計第2次作業_4102056034_陳勇瑜\視窗程式設計第2次作業_4102056034_陳勇瑜\debug\app.res
\\psf\home\documents\visual studio 2013\projects\class_window_programming\視窗程式設計第2次作業_4102056034_陳勇瑜\視窗程式設計第2次作業_4102056034_陳勇瑜\debug\視窗程式設計第2次作業_4102056034_陳勇瑜.pch
\\psf\home\documents\visual studio 2013\projects\class_window_programming\視窗程式設計第2次作業_4102056034_陳勇瑜\視窗程式設計第2次作業_4102056034_陳勇瑜\debug\視窗程式設計第2.ff4ec956.tlog\cl.command.1.tlog
\\psf\home\documents\visual studio 2013\projects\class_window_programming\視窗程式設計第2次作業_4102056034_陳勇瑜\視窗程式設計第2次作業_4102056034_陳勇瑜\debug\視窗程式設計第2.ff4ec956.tlog\cl.read.1.tlog
\\psf\home\documents\visual studio 2013\projects\class_window_programming\視窗程式設計第2次作業_4102056034_陳勇瑜\視窗程式設計第2次作業_4102056034_陳勇瑜\debug\視窗程式設計第2.ff4ec956.tlog\cl.write.1.tlog
\\psf\home\documents\visual studio 2013\projects\class_window_programming\視窗程式設計第2次作業_4102056034_陳勇瑜\視窗程式設計第2次作業_4102056034_陳勇瑜\debug\視窗程式設計第2.ff4ec956.tlog\link.command.1.tlog
\\psf\home\documents\visual studio 2013\projects\class_window_programming\視窗程式設計第2次作業_4102056034_陳勇瑜\視窗程式設計第2次作業_4102056034_陳勇瑜\debug\視窗程式設計第2.ff4ec956.tlog\link.read.1.tlog
\\psf\home\documents\visual studio 2013\projects\class_window_programming\視窗程式設計第2次作業_4102056034_陳勇瑜\視窗程式設計第2次作業_4102056034_陳勇瑜\debug\視窗程式設計第2.ff4ec956.tlog\link.write.1.tlog
\\psf\home\documents\visual studio 2013\projects\class_window_programming\視窗程式設計第2次作業_4102056034_陳勇瑜\視窗程式設計第2次作業_4102056034_陳勇瑜\debug\視窗程式設計第2.ff4ec956.tlog\metagen.read.1.tlog
\\psf\home\documents\visual studio 2013\projects\class_window_programming\視窗程式設計第2次作業_4102056034_陳勇瑜\視窗程式設計第2次作業_4102056034_陳勇瑜\debug\視窗程式設計第2.ff4ec956.tlog\metagen.write.1.tlog
\\psf\home\documents\visual studio 2013\projects\class_window_programming\視窗程式設計第2次作業_4102056034_陳勇瑜\視窗程式設計第2次作業_4102056034_陳勇瑜\debug\視窗程式設計第2.ff4ec956.tlog\rc.command.1.tlog
\\psf\home\documents\visual studio 2013\projects\class_window_programming\視窗程式設計第2次作業_4102056034_陳勇瑜\視窗程式設計第2次作業_4102056034_陳勇瑜\debug\視窗程式設計第2.ff4ec956.tlog\rc.read.1.tlog
\\psf\home\documents\visual studio 2013\projects\class_window_programming\視窗程式設計第2次作業_4102056034_陳勇瑜\視窗程式設計第2次作業_4102056034_陳勇瑜\debug\視窗程式設計第2.ff4ec956.tlog\rc.write.1.tlog
\\psf\home\documents\visual studio 2013\projects\class_window_programming\視窗程式設計第2次作業_4102056034_陳勇瑜\視窗程式設計第2次作業_4102056034_陳勇瑜\debug\視窗程式設計第2.ff4ec956.tlog\rsaenh.dll.bi
